<?xml version="1.0" encoding="UTF-8"?>
<testsuite name="cn.wsds.gamemaster.statistic.NetSwitcherStatisticTest" tests="5" skipped="0" failures="0" errors="0" timestamp="2017-04-07T01:45:28" hostname="wong-macpro" time="6.144">
  <properties/>
  <testcase name="constructor" classname="cn.wsds.gamemaster.statistic.NetSwitcherStatisticTest" time="3.547"/>
  <testcase name="testWiFi" classname="cn.wsds.gamemaster.statistic.NetSwitcherStatisticTest" time="1.795"/>
  <testcase name="testDisconnectedOrUnknown" classname="cn.wsds.gamemaster.statistic.NetSwitcherStatisticTest" time="0.044"/>
  <testcase name="testBelowAndroid5" classname="cn.wsds.gamemaster.statistic.NetSwitcherStatisticTest" time="0.753"/>
  <testcase name="testMobile" classname="cn.wsds.gamemaster.statistic.NetSwitcherStatisticTest" time="0.003"/>
  <system-out><![CDATA[]]></system-out>
  <system-err><![CDATA[]]></system-err>
</testsuite>
